{"message":"Bookmark with id hello not found.","level":"error"}
{"message":"Bookmark with id f3253db1-ff4d-4b3d-a675-aaf7e2de00b4 created.","level":"info"}
{"message":"Description required","level":"error"}
{"message":"Rating required","level":"error"}
{"message":"Rating required","level":"error"}
{"message":"Title required","level":"error"}
{"message":"Bookmark with id 8a9bb90b-0333-464d-8d1d-84ef1d6b9ff8 created.","level":"info"}
{"message":"Bookmark with id 0 deleted.","level":"info"}
{"message":"Bookmark with id asdgasdg not found.","level":"error"}
{"message":"Bookmark with id 5 not found.","level":"error"}
{"message":"Rating required","level":"error"}
{"message":"Description required","level":"error"}
{"message":"Url must be a valid url.","level":"error"}
{"message":"Url must be a valid url.","level":"error"}
{"message":"Url must be a valid url.","level":"error"}
{"message":"Url must be a valid url.","level":"error"}
{"message":"Url must be a valid url.","level":"error"}
{"message":"Url must be a valid url.","level":"error"}
{"message":"Url must be a valid url.","level":"error"}
{"message":"Url must be a valid url.","level":"error"}
{"message":"Url must be a valid url.","level":"error"}
{"message":"Url must be a valid url.","level":"error"}
{"message":"Url must be a valid url.","level":"error"}
{"message":"Bookmark with id 1 created.","level":"info"}
{"message":"Url must be a valid url.","level":"error"}
{"message":"Bookmark with id 1 created.","level":"info"}
{"message":"Url must be a valid url.","level":"error"}
{"message":"Bookmark with id 1 created.","level":"info"}
{"message":"Url must be a valid url.","level":"error"}
{"message":"Bookmark with id 1 created.","level":"info"}
{"message":"Bookmark with id 3 not found.","level":"error"}
{"message":"Bookmark with id 12 not found.","level":"error"}
{"message":"Url must be a valid url.","level":"error"}
{"message":"Bookmark with id 1 created.","level":"info"}
{"message":"Bookmark with id 3 not found.","level":"error"}
{"message":"Bookmark with id 12 not found.","level":"error"}
{"message":"Url must be a valid url.","level":"error"}
{"message":"Bookmark with id 1 created.","level":"info"}
{"message":"Bookmark with id 3 not found.","level":"error"}
{"message":"Bookmark with id 12 not found.","level":"error"}
{"message":"Url must be a valid url.","level":"error"}
{"message":"Bookmark with id 1 created.","level":"info"}
{"message":"Bookmark with id 3 not found.","level":"error"}
{"message":"Bookmark with id 12 not found.","level":"error"}
{"message":"Bookmark with id 1 created.","level":"info"}
{"message":"Bookmark with id 1 created.","level":"info"}
{"message":"Bookmark with id 3 not found.","level":"error"}
{"message":"Bookmark with id 12 not found.","level":"error"}
{"message":"Bookmark with id 1 created.","level":"info"}
{"message":"Bookmark with id 1 created.","level":"info"}
{"message":"Bookmark with id 3 not found.","level":"error"}
{"message":"Bookmark with id 12 not found.","level":"error"}
{"message":"Bookmark with id 1 created.","level":"info"}
{"message":"Bookmark with id 1 created.","level":"info"}
{"message":"Bookmark with id 15 not found.","level":"error"}
{"message":"Bookmark with id 3 not found.","level":"error"}
{"message":"Bookmark with id 12 not found.","level":"error"}
{"message":"Bookmark with id 1 created.","level":"info"}
{"message":"Bookmark with id 1 created.","level":"info"}
{"message":"Bookmark with id 15 not found.","level":"error"}
{"message":"Bookmark with id 3 not found.","level":"error"}
{"message":"Bookmark with id 12 not found.","level":"error"}
{"message":"Bookmark with id 1 created.","level":"info"}
{"message":"Bookmark with id 1 created.","level":"info"}
{"message":"Bookmark with id 15 not found.","level":"error"}
{"message":"Bookmark with id 3 not found.","level":"error"}
{"message":"Bookmark with id 12 not found.","level":"error"}
{"message":"Bookmark with id 1 created.","level":"info"}
{"message":"Bookmark with id 1 created.","level":"info"}
{"message":"Bookmark with id 15 not found.","level":"error"}
{"message":"Bookmark with id 3 not found.","level":"error"}
{"message":"Bookmark with id 12 not found.","level":"error"}
{"message":"Bookmark with id 1 created.","level":"info"}
{"message":"Bookmark with id 1 created.","level":"info"}
{"message":"Bookmark with id 15 not found.","level":"error"}
{"message":"Bookmark with id 2 deleted.","level":"info"}
{"message":"Bookmark with id 3 not found.","level":"error"}
{"message":"Bookmark with id 12 not found.","level":"error"}
{"message":"Bookmark with id 1 created.","level":"info"}
{"message":"Bookmark with id 1 created.","level":"info"}
{"message":"Bookmark with id 15 not found.","level":"error"}
{"message":"Bookmark with id 2 deleted.","level":"info"}
{"message":"Bookmark with id 3 not found.","level":"error"}
{"message":"Bookmark with id 12 not found.","level":"error"}
{"message":"Bookmark with id 1 created.","level":"info"}
{"message":"Bookmark with id 1 created.","level":"info"}
{"message":"Bookmark with id 15 not found.","level":"error"}
{"message":"Bookmark with id 2 deleted.","level":"info"}
{"message":"Bookmark with id 3 not found.","level":"error"}
{"message":"Bookmark with id 12 not found.","level":"error"}
{"message":"Bookmark with id 1 created.","level":"info"}
{"message":"Bookmark with id 1 created.","level":"info"}
{"message":"Bookmark with id 15 not found.","level":"error"}
{"message":"Bookmark with id 2 deleted.","level":"info"}
{"message":"Bookmark with id 3 not found.","level":"error"}
{"message":"Bookmark with id 12 not found.","level":"error"}
{"message":"Bookmark with id 1 created.","level":"info"}
{"message":"Bookmark with id 1 created.","level":"info"}
{"message":"Bookmark with id 15 not found.","level":"error"}
{"message":"Bookmark with id 2 deleted.","level":"info"}
{"message":"Bookmark with id 3 not found.","level":"error"}
{"message":"Bookmark with id 12 not found.","level":"error"}
{"message":"Bookmark with id 1 created.","level":"info"}
{"message":"Bookmark with id 1 created.","level":"info"}
{"message":"Bookmark with id 15 not found.","level":"error"}
{"message":"Bookmark with id 2 deleted.","level":"info"}
{"message":"Bookmark with id 3 not found.","level":"error"}
{"message":"Bookmark with id 12 not found.","level":"error"}
{"message":"Bookmark with id 1 created.","level":"info"}
{"message":"Bookmark with id 1 created.","level":"info"}
{"message":"Bookmark with id 15 not found.","level":"error"}
{"message":"Bookmark with id 2 deleted.","level":"info"}
{"message":"Bookmark with id 3 not found.","level":"error"}
{"message":"Bookmark with id 12 not found.","level":"error"}
{"message":"Bookmark with id 1 created.","level":"info"}
{"message":"Bookmark with id 1 created.","level":"info"}
{"message":"Bookmark with id 15 not found.","level":"error"}
{"message":"Bookmark with id 2 deleted.","level":"info"}
{"message":"Bookmark with id 6 not found.","level":"error"}
{"message":"Bookmark with id 3 not found.","level":"error"}
{"message":"Bookmark with id 12 not found.","level":"error"}
{"message":"Bookmark with id 1 created.","level":"info"}
{"message":"Bookmark with id 1 created.","level":"info"}
{"message":"Bookmark with id 15 not found.","level":"error"}
{"message":"Bookmark with id 2 deleted.","level":"info"}
{"message":"Bookmark with id 6 not found.","level":"error"}
{"message":"Bookmark with id 1 updated.","level":"info"}
{"message":"Bookmark with id 3 not found.","level":"error"}
{"message":"Bookmark with id 12 not found.","level":"error"}
{"message":"Bookmark with id 1 created.","level":"info"}
{"message":"Bookmark with id 1 created.","level":"info"}
{"message":"Bookmark with id 15 not found.","level":"error"}
{"message":"Bookmark with id 2 deleted.","level":"info"}
{"message":"Bookmark with id 6 not found.","level":"error"}
{"message":"Bookmark with id 3 not found.","level":"error"}
{"message":"Bookmark with id 12 not found.","level":"error"}
{"message":"Bookmark with id 1 created.","level":"info"}
{"message":"Bookmark with id 1 created.","level":"info"}
{"message":"Bookmark with id 15 not found.","level":"error"}
{"message":"Bookmark with id 2 deleted.","level":"info"}
{"message":"Bookmark with id 6 not found.","level":"error"}
{"message":"Bookmark with id 3 not found.","level":"error"}
{"message":"Bookmark with id 12 not found.","level":"error"}
{"message":"Bookmark with id 1 created.","level":"info"}
{"message":"Bookmark with id 1 created.","level":"info"}
{"message":"Bookmark with id 15 not found.","level":"error"}
{"message":"Bookmark with id 2 deleted.","level":"info"}
{"message":"Bookmark with id 6 not found.","level":"error"}
{"message":"Bookmark with id 3 not found.","level":"error"}
{"message":"Bookmark with id 12 not found.","level":"error"}
{"message":"Bookmark with id 1 created.","level":"info"}
{"message":"Bookmark with id 1 created.","level":"info"}
{"message":"Bookmark with id 15 not found.","level":"error"}
{"message":"Bookmark with id 2 deleted.","level":"info"}
{"message":"Bookmark with id 6 not found.","level":"error"}
{"message":"Bookmark with id 3 not found.","level":"error"}
{"message":"Bookmark with id 12 not found.","level":"error"}
{"message":"Bookmark with id 1 created.","level":"info"}
{"message":"Bookmark with id 1 created.","level":"info"}
{"message":"Bookmark with id 15 not found.","level":"error"}
{"message":"Bookmark with id 2 deleted.","level":"info"}
{"message":"Bookmark with id 6 not found.","level":"error"}
{"message":"Bookmark with id 3 not found.","level":"error"}
{"message":"Bookmark with id 12 not found.","level":"error"}
{"message":"Bookmark with id 1 created.","level":"info"}
{"message":"Bookmark with id 1 created.","level":"info"}
{"message":"Bookmark with id 15 not found.","level":"error"}
{"message":"Bookmark with id 2 deleted.","level":"info"}
{"message":"Bookmark with id 6 not found.","level":"error"}
{"message":"Bookmark with id 3 not found.","level":"error"}
{"message":"Bookmark with id 12 not found.","level":"error"}
{"message":"Bookmark with id 1 created.","level":"info"}
{"message":"Bookmark with id 1 created.","level":"info"}
{"message":"Bookmark with id 15 not found.","level":"error"}
{"message":"Bookmark with id 2 deleted.","level":"info"}
{"message":"Bookmark with id 6 not found.","level":"error"}
{"message":"Bookmark with id 3 not found.","level":"error"}
{"message":"Bookmark with id 12 not found.","level":"error"}
{"message":"Bookmark with id 1 created.","level":"info"}
{"message":"Bookmark with id 1 created.","level":"info"}
{"message":"Bookmark with id 15 not found.","level":"error"}
{"message":"Bookmark with id 2 deleted.","level":"info"}
{"message":"Bookmark with id 6 not found.","level":"error"}
{"message":"Bookmark with id 3 not found.","level":"error"}
{"message":"Bookmark with id 12 not found.","level":"error"}
{"message":"Bookmark with id 1 created.","level":"info"}
{"message":"Bookmark with id 1 created.","level":"info"}
{"message":"Bookmark with id 15 not found.","level":"error"}
{"message":"Bookmark with id 2 deleted.","level":"info"}
{"message":"Bookmark with id 6 not found.","level":"error"}
{"message":"Bookmark with id 3 not found.","level":"error"}
{"message":"Bookmark with id 12 not found.","level":"error"}
{"message":"Bookmark with id 1 created.","level":"info"}
{"message":"Bookmark with id 1 created.","level":"info"}
{"message":"Bookmark with id 15 not found.","level":"error"}
{"message":"Bookmark with id 2 deleted.","level":"info"}
{"message":"Bookmark with id 6 not found.","level":"error"}
{"message":"Bookmark with id 3 not found.","level":"error"}
{"message":"Bookmark with id 12 not found.","level":"error"}
{"message":"Bookmark with id 1 created.","level":"info"}
{"message":"Bookmark with id 1 created.","level":"info"}
{"message":"Bookmark with id 15 not found.","level":"error"}
{"message":"Bookmark with id 2 deleted.","level":"info"}
{"message":"Bookmark with id 6 not found.","level":"error"}
{"message":"Bookmark with id 1 updated.","level":"info"}
{"message":"Bookmark with id 3 not found.","level":"error"}
{"message":"Bookmark with id 12 not found.","level":"error"}
{"message":"Bookmark with id 1 created.","level":"info"}
{"message":"Bookmark with id 1 created.","level":"info"}
{"message":"Bookmark with id 15 not found.","level":"error"}
{"message":"Bookmark with id 2 deleted.","level":"info"}
{"message":"Bookmark with id 6 not found.","level":"error"}
{"message":"Bookmark with id 1 updated.","level":"info"}
{"message":"Bookmark with id 3 not found.","level":"error"}
{"message":"Bookmark with id 12 not found.","level":"error"}
{"message":"Bookmark with id 1 created.","level":"info"}
{"message":"Bookmark with id 1 created.","level":"info"}
{"message":"Bookmark with id 15 not found.","level":"error"}
{"message":"Bookmark with id 2 deleted.","level":"info"}
{"message":"Bookmark with id 6 not found.","level":"error"}
{"message":"Bookmark with id 1 updated.","level":"info"}
{"message":"Bookmark with id 3 not found.","level":"error"}
{"message":"Bookmark with id 12 not found.","level":"error"}
{"message":"Bookmark with id 1 created.","level":"info"}
{"message":"Bookmark with id 15 not found.","level":"error"}
{"message":"Bookmark with id 2 deleted.","level":"info"}
{"message":"Bookmark with id 6 not found.","level":"error"}
{"message":"Bookmark with id 1 updated.","level":"info"}
{"message":"Bookmark with id 3 not found.","level":"error"}
{"message":"Bookmark with id 12 not found.","level":"error"}
{"message":"Bookmark with id 1 created.","level":"info"}
{"message":"Bookmark with id 1 created.","level":"info"}
{"message":"Bookmark with id 15 not found.","level":"error"}
{"message":"Bookmark with id 2 deleted.","level":"info"}
{"message":"Bookmark with id 6 not found.","level":"error"}
{"message":"Bookmark with id 1 updated.","level":"info"}
{"message":"Bookmark with id 3 not found.","level":"error"}
{"message":"Bookmark with id 12 not found.","level":"error"}
{"message":"Bookmark with id 1 created.","level":"info"}
{"message":"Bookmark with id 1 created.","level":"info"}
{"message":"Bookmark with id 15 not found.","level":"error"}
{"message":"Bookmark with id 2 deleted.","level":"info"}
{"message":"Bookmark with id 6 not found.","level":"error"}
{"message":"Bookmark with id 1 updated.","level":"info"}
{"message":"Bookmark with id 3 not found.","level":"error"}
{"message":"Bookmark with id 12 not found.","level":"error"}
{"message":"Bookmark with id 1 created.","level":"info"}
{"message":"Bookmark with id 1 created.","level":"info"}
{"message":"Bookmark with id 15 not found.","level":"error"}
{"message":"Bookmark with id 2 deleted.","level":"info"}
{"message":"Bookmark with id 6 not found.","level":"error"}
{"message":"Bookmark with id 1 updated.","level":"info"}
{"message":"Bookmark with id 3 not found.","level":"error"}
{"message":"Bookmark with id 12 not found.","level":"error"}
{"message":"Bookmark with id 1 created.","level":"info"}
{"message":"Bookmark with id 1 created.","level":"info"}
{"message":"Bookmark with id 15 not found.","level":"error"}
{"message":"Bookmark with id 2 deleted.","level":"info"}
{"message":"Bookmark with id 6 not found.","level":"error"}
{"message":"Bookmark with id 1 updated.","level":"info"}
{"message":"Bookmark with id 3 not found.","level":"error"}
{"message":"Bookmark with id 12 not found.","level":"error"}
{"message":"Bookmark with id 1 created.","level":"info"}
{"message":"Bookmark with id 1 created.","level":"info"}
{"message":"Bookmark with id 15 not found.","level":"error"}
{"message":"Bookmark with id 2 deleted.","level":"info"}
{"message":"Bookmark with id 6 not found.","level":"error"}
{"message":"Bookmark with id 1 updated.","level":"info"}
{"message":"Bookmark with id 3 not found.","level":"error"}
{"message":"Bookmark with id 12 not found.","level":"error"}
{"message":"Bookmark with id 1 created.","level":"info"}
{"message":"Bookmark with id 1 created.","level":"info"}
{"message":"Bookmark with id 15 not found.","level":"error"}
{"message":"Bookmark with id 2 deleted.","level":"info"}
{"message":"Bookmark with id 6 not found.","level":"error"}
{"message":"Bookmark with id 1 updated.","level":"info"}
{"message":"Bookmark with id 3 not found.","level":"error"}
{"message":"Bookmark with id 12 not found.","level":"error"}
{"message":"Bookmark with id 1 created.","level":"info"}
{"message":"Bookmark with id 1 created.","level":"info"}
{"message":"Bookmark with id 15 not found.","level":"error"}
{"message":"Bookmark with id 2 deleted.","level":"info"}
{"message":"Bookmark with id 6 not found.","level":"error"}
{"message":"Bookmark with id 1 updated.","level":"info"}
{"message":"Url must be a valid url.","level":"error"}
{"message":"Bookmark with id 4 created.","level":"info"}
{"message":"Bookmark with id 5 created.","level":"info"}
{"message":"Bookmark with id 6 created.","level":"info"}
{"message":"Bookmark with id 6 deleted.","level":"info"}
{"message":"Bookmark with id 4 deleted.","level":"info"}
{"message":"Bookmark with id 2 updated.","level":"info"}
{"message":"Bookmark with id 2 updated.","level":"info"}
{"message":"Bookmark with id 2 updated.","level":"info"}
{"message":"Bookmark with id 5 updated.","level":"info"}
{"message":"Bookmark with id 5 updated.","level":"info"}
{"message":"Bookmark with id 5 deleted.","level":"info"}
{"message":"Bookmark with id 1 updated.","level":"info"}
{"message":"Bookmark with id 7 created.","level":"info"}
{"message":"Bookmark with id 1 updated.","level":"info"}
{"message":"Bookmark with id 2 updated.","level":"info"}
{"message":"Bookmark with id 3 updated.","level":"info"}
{"message":"Bookmark with id 7 updated.","level":"info"}
{"message":"Bookmark with id 7 updated.","level":"info"}
{"message":"Bookmark with id 2 updated.","level":"info"}
{"message":"Bookmark with id 7 updated.","level":"info"}
{"message":"Bookmark with id 8 created.","level":"info"}
{"message":"Bookmark with id 9 created.","level":"info"}
{"message":"Bookmark with id 8 updated.","level":"info"}
{"message":"Bookmark with id 1 updated.","level":"info"}
{"message":"Bookmark with id 8 deleted.","level":"info"}
{"message":"Bookmark with id 9 deleted.","level":"info"}
{"message":"Bookmark with id 2 updated.","level":"info"}
{"message":"Bookmark with id 1 deleted.","level":"info"}
{"message":"Bookmark with id 2 deleted.","level":"info"}
{"message":"Bookmark with id 3 updated.","level":"info"}
{"message":"Bookmark with id 10 created.","level":"info"}
{"message":"Bookmark with id 10 updated.","level":"info"}
{"message":"Bookmark with id 10 updated.","level":"info"}
{"message":"Bookmark with id 10 deleted.","level":"info"}
{"message":"Bookmark with id 11 created.","level":"info"}
{"message":"Bookmark with id 11 updated.","level":"info"}
{"message":"Bookmark with id 11 updated.","level":"info"}
{"message":"Bookmark with id 11 updated.","level":"info"}
{"message":"Bookmark with id 11 updated.","level":"info"}
{"message":"Bookmark with id 11 updated.","level":"info"}
{"message":"Bookmark with id 12 created.","level":"info"}
{"message":"Bookmark with id 13 created.","level":"info"}
{"message":"Bookmark with id 12 deleted.","level":"info"}
{"message":"Bookmark with id 11 deleted.","level":"info"}
